TN:
SF:src\api\auth.ts
FN:5,(anonymous_0)
FN:13,(anonymous_1)
FN:18,(anonymous_2)
FNF:3
FNH:0
FNDA:0,(anonymous_0)
FNDA:0,(anonymous_1)
FNDA:0,(anonymous_2)
DA:5,1
DA:6,0
DA:10,0
DA:13,1
DA:14,0
DA:15,0
DA:18,1
DA:19,0
LF:8
LH:3
BRF:0
BRH:0
end_of_record
TN:
SF:src\api\axiosInstance.ts
FN:18,(anonymous_0)
FN:28,(anonymous_1)
FN:29,(anonymous_2)
FNF:3
FNH:0
FNDA:0,(anonymous_0)
FNDA:0,(anonymous_1)
FNDA:0,(anonymous_2)
DA:8,1
DA:18,1
DA:19,0
DA:20,0
DA:21,0
DA:23,0
DA:27,1
DA:28,0
DA:30,0
DA:31,0
DA:32,0
DA:33,0
DA:34,0
DA:35,0
DA:36,0
DA:37,0
DA:38,0
DA:39,0
DA:40,0
DA:41,0
DA:42,0
DA:44,0
DA:45,0
DA:46,0
DA:47,0
DA:53,0
DA:54,0
DA:55,0
DA:59,0
LF:29
LH:3
BRDA:9,0,0,1
BRDA:9,0,1,1
BRDA:20,1,0,0
BRDA:20,1,1,0
BRDA:30,2,0,0
BRDA:30,2,1,0
BRDA:33,3,0,0
BRDA:33,3,1,0
BRDA:34,4,0,0
BRDA:34,4,1,0
BRDA:35,5,0,0
BRDA:35,5,1,0
BRDA:35,6,0,0
BRDA:35,6,1,0
BRDA:35,6,2,0
BRDA:35,6,3,0
BRDA:40,7,0,0
BRDA:40,7,1,0
BRDA:46,8,0,0
BRDA:46,8,1,0
BRDA:54,9,0,0
BRDA:54,9,1,0
BRDA:54,10,0,0
BRDA:54,10,1,0
BRF:24
BRH:2
end_of_record
TN:
SF:src\api\error.ts
FN:6,(anonymous_0)
FNF:1
FNH:1
FNDA:1,(anonymous_0)
DA:4,2
DA:6,2
DA:10,1
DA:11,0
DA:13,1
LF:5
LH:4
BRDA:8,0,0,1
BRDA:10,1,0,0
BRDA:10,1,1,1
BRDA:11,2,0,0
BRDA:11,2,1,0
BRF:5
BRH:2
end_of_record
TN:
SF:src\auth\tokenStore.ts
FN:4,(anonymous_0)
FN:5,(anonymous_1)
FN:8,(anonymous_2)
FNF:3
FNH:0
FNDA:0,(anonymous_0)
FNDA:0,(anonymous_1)
FNDA:0,(anonymous_2)
DA:1,2
DA:3,2
DA:4,0
DA:6,0
DA:9,0
LF:5
LH:2
BRF:0
BRH:0
end_of_record
TN:
SF:src\components\EmptyState.tsx
FN:8,(anonymous_0)
FNF:1
FNH:1
FNDA:2,(anonymous_0)
DA:8,1
DA:14,2
LF:2
LH:2
BRDA:9,0,0,2
BRDA:12,1,0,2
BRDA:17,2,0,0
BRDA:17,2,1,2
BRDA:22,3,0,2
BRDA:22,3,1,1
BRF:6
BRH:5
end_of_record
TN:
SF:src\components\ErrorBoundary.tsx
FN:17,(anonymous_0)
FN:21,(anonymous_1)
FN:26,(anonymous_2)
FN:30,(anonymous_3)
FNF:4
FNH:3
FNDA:2,(anonymous_0)
FNDA:1,(anonymous_1)
FNDA:0,(anonymous_2)
FNDA:4,(anonymous_3)
DA:13,2
DA:18,2
DA:23,1
DA:26,0
DA:27,0
DA:31,4
DA:32,2
DA:33,2
DA:36,0
DA:55,2
LF:10
LH:7
BRDA:31,0,0,2
BRDA:31,0,1,2
BRDA:32,1,0,2
BRDA:32,1,1,0
BRF:4
BRH:3
end_of_record
TN:
SF:src\components\LoadingState.tsx
FN:6,(anonymous_0)
FNF:1
FNH:1
FNDA:2,(anonymous_0)
DA:6,1
DA:7,2
LF:2
LH:2
BRDA:6,0,0,2
BRDA:6,1,0,2
BRDA:10,2,0,0
BRDA:10,2,1,2
BRF:4
BRH:3
end_of_record
TN:
SF:src\context\AuthContext.tsx
FN:15,(anonymous_0)
FN:27,(anonymous_1)
FN:32,(anonymous_2)
FN:47,(anonymous_3)
FN:52,(anonymous_4)
FN:63,(anonymous_5)
FN:77,(anonymous_6)
FNF:7
FNH:4
FNDA:9,(anonymous_0)
FNDA:5,(anonymous_1)
FNDA:0,(anonymous_2)
FNDA:0,(anonymous_3)
FNDA:0,(anonymous_4)
FNDA:9,(anonymous_5)
FNDA:14,(anonymous_6)
DA:13,2
DA:15,2
DA:24,9
DA:25,9
DA:27,9
DA:28,5
DA:29,5
DA:30,5
DA:32,0
DA:33,0
DA:34,0
DA:35,0
DA:36,0
DA:38,0
DA:39,0
DA:41,0
DA:44,0
DA:47,9
DA:48,0
DA:49,0
DA:52,9
DA:53,0
DA:54,0
DA:58,0
DA:59,0
DA:62,9
DA:63,9
DA:73,9
DA:77,2
DA:78,14
DA:79,14
DA:80,0
DA:82,14
LF:33
LH:17
BRDA:17,0,0,9
BRDA:18,1,0,9
BRDA:28,2,0,5
BRDA:28,2,1,0
BRDA:79,3,0,0
BRDA:79,3,1,14
BRF:6
BRH:4
end_of_record
TN:
SF:src\pages\NotFoundPage.tsx
FN:3,(anonymous_0)
FNF:1
FNH:1
FNDA:1,(anonymous_0)
DA:3,1
DA:4,1
LF:2
LH:2
BRF:0
BRH:0
end_of_record
TN:
SF:src\pages\auth\LoginPage.tsx
FN:7,(anonymous_0)
FN:19,(anonymous_1)
FN:69,(anonymous_2)
FN:84,(anonymous_3)
FN:91,(anonymous_4)
FNF:5
FNH:5
FNDA:11,(anonymous_0)
FNDA:1,(anonymous_1)
FNDA:1,(anonymous_2)
FNDA:1,(anonymous_3)
FNDA:1,(anonymous_4)
DA:7,1
DA:9,11
DA:10,11
DA:11,11
DA:12,11
DA:14,11
DA:15,11
DA:17,11
DA:19,11
DA:20,1
DA:21,1
DA:22,1
DA:24,1
DA:28,0
DA:31,0
DA:33,1
DA:35,1
DA:39,11
DA:69,1
DA:84,1
DA:91,1
LF:21
LH:19
BRDA:55,0,0,11
BRDA:55,0,1,1
BRDA:82,1,0,1
BRDA:82,1,1,10
BRDA:94,2,0,1
BRDA:94,2,1,10
BRDA:105,3,0,1
BRDA:105,3,1,10
BRF:8
BRH:8
end_of_record
TN:
SF:src\routes\ProtectedRoute.tsx
FN:6,(anonymous_0)
FNF:1
FNH:1
FNDA:3,(anonymous_0)
DA:6,1
DA:7,3
DA:9,3
DA:10,1
DA:13,2
DA:14,1
DA:17,1
LF:7
LH:7
BRDA:9,0,0,1
BRDA:9,0,1,2
BRDA:13,1,0,1
BRDA:13,1,1,1
BRF:4
BRH:4
end_of_record
